<testsuite name="frontend.order.buy_product.Buy the products" tests="1" errors="0" failures="0" skipped="0" time="3.084012" timestamp="2023-08-21T00:12:34.081886" hostname="LTP-ISP-003303"><testcase classname="frontend.order.buy_product.Buy the products" name="Add item to cart" status="passed" time="3.084012"><system-out>
<![CDATA[
@scenario.begin

  @tcId005
  Scenario: Add item to cart
    Given user already on home page ... passed in 2.992s
    When user pick backpack ... passed in 0.060s
    Then item successfully picked ... passed in 0.031s

@scenario.end
--------------------------------------------------------------------------------
]]>
</system-out></testcase></testsuite>