<testsuite name="frontend.login.login.Login" tests="2" errors="0" failures="0" skipped="0" time="7.240345" timestamp="2023-08-21T00:35:31.054298" hostname="LTP-ISP-003303"><testcase classname="frontend.login.login.Login" name="Login with valid credential" status="passed" time="4.085768"><system-out>
<![CDATA[
@scenario.begin

  @tcId001
  Scenario: Login with valid credential
    Given user go to login page ... passed in 3.770s
    When user enters the username ... passed in 0.128s
    And user enters the password ... passed in 0.070s
    And user click login button ... passed in 0.084s
    Then user should be navigated to the dashboard ... passed in 0.034s

@scenario.end
--------------------------------------------------------------------------------
]]>
</system-out></testcase><testcase classname="frontend.login.login.Login" name="Login with invalid credential" status="passed" time="3.154578"><system-out>
<![CDATA[
@scenario.begin

  @tcId002
  Scenario: Login with invalid credential
    Given user go to login page ... passed in 2.881s
    When user enters the invalid username ... passed in 0.127s
    And user enters the invalid password ... passed in 0.066s
    And user click login button ... passed in 0.055s
    Then user will get the error message ... passed in 0.025s

@scenario.end
--------------------------------------------------------------------------------
]]>
</system-out></testcase></testsuite>