<testsuite name="frontend.order.buy_product.Buy the products" tests="2" errors="0" failures="2" skipped="0" time="0.0" timestamp="2023-08-21T13:33:32.243402" hostname="LTP-ISP-003303"><testcase classname="frontend.order.buy_product.Buy the products" name="Add item to cart" status="failed" time="0"><failure type="NoneType" message="None">
<![CDATA[
Failing step: Given user already on home page ... undefined in 0.000s
Location: tests/frontend/order/buy_product.feature:5
None]]>
</failure><system-out>
<![CDATA[
@scenario.begin

  @tcId005
  Scenario: Add item to cart
    Given user already on home page ... undefined in 0.000s
    When user pick backpack ... undefined in 0.000s
    Then item successfully picked ... undefined in 0.000s

@scenario.end
--------------------------------------------------------------------------------
]]>
</system-out></testcase><testcase classname="frontend.order.buy_product.Buy the products" name="Remove item from cart" status="failed" time="0"><failure type="NoneType" message="None">
<![CDATA[
Failing step: Given user already on home page ... undefined in 0.000s
Location: tests/frontend/order/buy_product.feature:11
None]]>
</failure><system-out>
<![CDATA[
@scenario.begin
  Scenario: Remove item from cart
    Given user already on home page ... undefined in 0.000s
    When user click remove ... undefined in 0.000s
    Then item will be removed ... undefined in 0.000s

@scenario.end
--------------------------------------------------------------------------------
]]>
</system-out></testcase></testsuite>