<testsuite name="frontend.login.login.Login" tests="2" errors="0" failures="0" skipped="0" time="14.042852" timestamp="2023-08-21T13:27:14.737228" hostname="LTP-ISP-003303"><testcase classname="frontend.login.login.Login" name="Login with valid credential" status="passed" time="7.339445"><system-out>
<![CDATA[
@scenario.begin

  @tcId001
  Scenario: Login with valid credential
    Given user go to login page ... passed in 6.982s
    When user enters the username ... passed in 0.054s
    And user enters the password ... passed in 0.024s
    And user click login button ... passed in 0.255s
    Then user should be navigated to the dashboard ... passed in 0.025s

@scenario.end
--------------------------------------------------------------------------------
]]>
</system-out></testcase><testcase classname="frontend.login.login.Login" name="Login with invalid credential" status="passed" time="6.703407"><system-out>
<![CDATA[
@scenario.begin

  @tcId002
  Scenario: Login with invalid credential
    Given user go to login page ... passed in 6.324s
    When user enters the invalid username ... passed in 0.079s
    And user enters the invalid password ... passed in 0.026s
    And user click login button ... passed in 0.251s
    Then user will get the error message ... passed in 0.024s

@scenario.end
--------------------------------------------------------------------------------
]]>
</system-out></testcase></testsuite>