<testsuite name="frontend.order.buy_product.Product purchases" tests="7" errors="0" failures="0" skipped="0" time="38.461417" timestamp="2023-08-21T14:51:19.655906" hostname="LTP-ISP-003303"><testcase classname="frontend.order.buy_product.Product purchases" name="Add item to cart" status="passed" time="2.980935"><system-out>
<![CDATA[
@scenario.begin

  @tcId005
  Scenario: Add item to cart
    Given user already on home page ... passed in 2.890s
    When user pick backpack ... passed in 0.060s
    Then item successfully picked ... passed in 0.032s

@scenario.end
--------------------------------------------------------------------------------
]]>
</system-out></testcase><testcase classname="frontend.order.buy_product.Product purchases" name="Remove item from cart" status="passed" time="18.901402"><system-out>
<![CDATA[
@scenario.begin

  @tcId006
  Scenario: Remove item from cart
    Given user already on home page ... passed in 2.701s
    When user click remove ... passed in 1.125s
    Then item will be removed ... passed in 15.075s

@scenario.end
--------------------------------------------------------------------------------

Captured stdout:
Element not found

]]>
</system-out></testcase><testcase classname="frontend.order.buy_product.Product purchases" name="Checkout single item -- @1.1 " status="passed" time="3.312694"><system-out>
<![CDATA[
@scenario.begin

  @tcId007
  Scenario Outline: Checkout single item -- @1.1 
    Given user already on home page ... passed in 2.790s
    When user pick backpack ... passed in 0.063s
    And user open cart ... passed in 0.074s
    And user click checkout button ... passed in 0.065s
    And user fill the first name Ahsan ... passed in 0.065s
    And user fill the last name Khuluk ... passed in 0.068s
    And user fill postal code 40911 ... passed in 0.061s
    And user click continue button ... passed in 0.054s
    And user click finish button ... passed in 0.049s
    Then item successfully ordered ... passed in 0.025s

@scenario.end
--------------------------------------------------------------------------------
]]>
</system-out></testcase><testcase classname="frontend.order.buy_product.Product purchases" name="Checkout single item -- @1.2 " status="passed" time="3.257775"><system-out>
<![CDATA[
@scenario.begin

  @tcId007
  Scenario Outline: Checkout single item -- @1.2 
    Given user already on home page ... passed in 2.705s
    When user pick backpack ... passed in 0.059s
    And user open cart ... passed in 0.082s
    And user click checkout button ... passed in 0.057s
    And user fill the first name Zaelani ... passed in 0.085s
    And user fill the last name Zulkarnaen ... passed in 0.076s
    And user fill postal code 80451 ... passed in 0.059s
    And user click continue button ... passed in 0.053s
    And user click finish button ... passed in 0.053s
    Then item successfully ordered ... passed in 0.029s

@scenario.end
--------------------------------------------------------------------------------
]]>
</system-out></testcase><testcase classname="frontend.order.buy_product.Product purchases" name="Checkout single item -- @1.3 " status="passed" time="3.426665"><system-out>
<![CDATA[
@scenario.begin

  @tcId007
  Scenario Outline: Checkout single item -- @1.3 
    Given user already on home page ... passed in 2.867s
    When user pick backpack ... passed in 0.073s
    And user open cart ... passed in 0.079s
    And user click checkout button ... passed in 0.056s
    And user fill the first name Ferdy ... passed in 0.082s
    And user fill the last name Ciputra ... passed in 0.070s
    And user fill postal code 46052 ... passed in 0.065s
    And user click continue button ... passed in 0.056s
    And user click finish button ... passed in 0.051s
    Then item successfully ordered ... passed in 0.027s

@scenario.end
--------------------------------------------------------------------------------
]]>
</system-out></testcase><testcase classname="frontend.order.buy_product.Product purchases" name="Checkout single item -- @1.4 " status="passed" time="3.235889"><system-out>
<![CDATA[
@scenario.begin

  @tcId007
  Scenario Outline: Checkout single item -- @1.4 
    Given user already on home page ... passed in 2.721s
    When user pick backpack ... passed in 0.063s
    And user open cart ... passed in 0.070s
    And user click checkout button ... passed in 0.065s
    And user fill the first name Maryo ... passed in 0.062s
    And user fill the last name Osan ... passed in 0.069s
    And user fill postal code 12456 ... passed in 0.063s
    And user click continue button ... passed in 0.052s
    And user click finish button ... passed in 0.044s
    Then item successfully ordered ... passed in 0.026s

@scenario.end
--------------------------------------------------------------------------------
]]>
</system-out></testcase><testcase classname="frontend.order.buy_product.Product purchases" name="Checkout single item -- @1.5 " status="passed" time="3.346057"><system-out>
<![CDATA[
@scenario.begin

  @tcId007
  Scenario Outline: Checkout single item -- @1.5 
    Given user already on home page ... passed in 2.774s
    When user pick backpack ... passed in 0.073s
    And user open cart ... passed in 0.075s
    And user click checkout button ... passed in 0.061s
    And user fill the first name ulfa ... passed in 0.085s
    And user fill the last name Dwi ... passed in 0.070s
    And user fill postal code 79954 ... passed in 0.073s
    And user click continue button ... passed in 0.058s
    And user click finish button ... passed in 0.038s
    Then item successfully ordered ... passed in 0.040s

@scenario.end
--------------------------------------------------------------------------------
]]>
</system-out></testcase></testsuite>