<testsuite name="frontend.order.buy_product.Buy the products" tests="1" errors="0" failures="0" skipped="0" time="11.996559" timestamp="2023-08-21T13:25:40.869875" hostname="LTP-ISP-003303"><testcase classname="frontend.order.buy_product.Buy the products" name="Add item to cart" status="passed" time="11.996559"><system-out>
<![CDATA[
@scenario.begin

  @tcId005
  Scenario: Add item to cart
    Given user already on home page ... passed in 11.754s
    When user pick backpack ... passed in 0.216s
    Then item successfully picked ... passed in 0.026s

@scenario.end
--------------------------------------------------------------------------------
]]>
</system-out></testcase></testsuite>