<testsuite name="frontend.order.buy_product.Buy the products" tests="1" errors="0" failures="0" skipped="0" time="4.406424" timestamp="2023-08-21T00:11:56.407782" hostname="LTP-ISP-003303"><testcase classname="frontend.order.buy_product.Buy the products" name="Add item to cart" status="passed" time="4.406424"><system-out>
<![CDATA[
@scenario.begin

  @tcId005
  Scenario: Add item to cart
    Given user already on home page ... passed in 4.302s
    When user pick backpack ... passed in 0.076s
    Then item successfully picked ... passed in 0.029s

@scenario.end
--------------------------------------------------------------------------------
]]>
</system-out></testcase></testsuite>