<testsuite name="frontend.order.buy_product.Buy the products" tests="2" errors="0" failures="0" skipped="0" time="23.511696" timestamp="2023-08-21T01:02:48.121879" hostname="LTP-ISP-003303"><testcase classname="frontend.order.buy_product.Buy the products" name="Add item to cart" status="passed" time="4.31605"><system-out>
<![CDATA[
@scenario.begin

  @tcId005
  Scenario: Add item to cart
    Given user already on home page ... passed in 4.211s
    When user pick backpack ... passed in 0.062s
    Then item successfully picked ... passed in 0.043s

@scenario.end
--------------------------------------------------------------------------------
]]>
</system-out></testcase><testcase classname="frontend.order.buy_product.Buy the products" name="Remove item from cart" status="passed" time="19.195646"><system-out>
<![CDATA[
@scenario.begin
  Scenario: Remove item from cart
    Given user already on home page ... passed in 3.067s
    When user click remove ... passed in 1.113s
    Then item will be removed ... passed in 15.015s

@scenario.end
--------------------------------------------------------------------------------

Captured stdout:
Element not found

]]>
</system-out></testcase></testsuite>