<testsuite name="frontend.order.buy_product.Buy the products" tests="2" errors="0" failures="2" skipped="0" time="6.900993" timestamp="2023-08-21T14:44:29.956570" hostname="LTP-ISP-003303"><testcase classname="frontend.order.buy_product.Buy the products" name="Checkout single item -- @1.1 " status="failed" time="3.646198"><failure type="NoneType" message="None">
<![CDATA[
Failing step: And user fill postal code \\'40911\\' ... undefined in 0.000s
Location: tests/frontend/order/buy_product.feature:23
None]]>
</failure><system-out>
<![CDATA[
@scenario.begin

  @tcId007
  Scenario Outline: Checkout single item -- @1.1 
    Given user already on home page ... passed in 3.328s
    When user pick backpack ... passed in 0.070s
    And user open cart ... passed in 0.059s
    And user click checkout button ... passed in 0.053s
    And user fill the first name Ahsan ... passed in 0.069s
    And user fill the last name Khuluk ... passed in 0.068s
    And user fill postal code \\'40911\\' ... undefined in 0.000s
    And user click continue button ... skipped in 0.000s
    And user click finish button ... skipped in 0.000s
    Then item successfully ordered ... skipped in 0.000s

@scenario.end
--------------------------------------------------------------------------------
]]>
</system-out></testcase><testcase classname="frontend.order.buy_product.Buy the products" name="Checkout single item -- @1.2 " status="failed" time="3.254795"><failure type="NoneType" message="None">
<![CDATA[
Failing step: And user fill postal code \\'80451\\' ... undefined in 0.000s
Location: tests/frontend/order/buy_product.feature:23
None]]>
</failure><system-out>
<![CDATA[
@scenario.begin

  @tcId007
  Scenario Outline: Checkout single item -- @1.2 
    Given user already on home page ... passed in 2.905s
    When user pick backpack ... passed in 0.070s
    And user open cart ... passed in 0.072s
    And user click checkout button ... passed in 0.063s
    And user fill the first name Zaelani ... passed in 0.071s
    And user fill the last name Zulkarnaen ... passed in 0.073s
    And user fill postal code \\'80451\\' ... undefined in 0.000s
    And user click continue button ... skipped in 0.000s
    And user click finish button ... skipped in 0.000s
    Then item successfully ordered ... skipped in 0.000s

@scenario.end
--------------------------------------------------------------------------------
]]>
</system-out></testcase></testsuite>