<testsuite name="frontend.order.buy_product.Buy the products" tests="2" errors="0" failures="0" skipped="0" time="21.25894" timestamp="2023-08-21T00:46:58.176676" hostname="LTP-ISP-003303"><testcase classname="frontend.order.buy_product.Buy the products" name="Add item to cart" status="passed" time="2.586796"><system-out>
<![CDATA[
@scenario.begin

  @tcId005
  Scenario: Add item to cart
    Given user already on home page ... passed in 2.490s
    When user pick backpack ... passed in 0.065s
    Then item successfully picked ... passed in 0.032s

@scenario.end
--------------------------------------------------------------------------------
]]>
</system-out></testcase><testcase classname="frontend.order.buy_product.Buy the products" name="Remove item from cart" status="passed" time="18.672144"><system-out>
<![CDATA[
@scenario.begin
  Scenario: Remove item from cart
    Given user already on home page ... passed in 2.502s
    When user click remove ... passed in 1.149s
    Then item will be removed ... passed in 15.021s

@scenario.end
--------------------------------------------------------------------------------

Captured stdout:
Element not found

]]>
</system-out></testcase></testsuite>